<?xml version="1.0" encoding="UTF-8"?>
<!-- Generated by org.testng.reporters.JUnitReportReporter -->
<testsuite hostname="Mike-PC" name="utilities.ReadExcel" tests="1" failures="0" timestamp="14 May 2015 01:56:11 GMT" time="5.992" errors="0">
  <testcase name="ReadExcess" time="5.992" classname="utilities.ReadExcel"/>
</testsuite> <!-- utilities.ReadExcel -->
