<?xml version="1.0" encoding="UTF-8"?>
<!-- Generated by org.testng.reporters.JUnitReportReporter -->
<testsuite hostname="Mike-PC" name="mike.attTest.MainPage" tests="4" failures="0" timestamp="14 Mar 2015 22:03:48 GMT" time="34.411" errors="0">
  <testcase name="submit" time="7.850" classname="mike.attTest.MainPage"/>
  <testcase name="getPage" time="20.160" classname="mike.attTest.MainPage"/>
  <testcase name="typeUserName" time="5.864" classname="mike.attTest.MainPage"/>
  <testcase name="typePassWord" time="0.537" classname="mike.attTest.MainPage"/>
</testsuite> <!-- mike.attTest.MainPage -->
