<?xml version="1.0" encoding="UTF-8"?>
<!-- Generated by org.testng.reporters.JUnitReportReporter -->
<testsuite hostname="Mike-PC" name="mike.attTest.HomePage_Test" tests="2" failures="0" timestamp="14 Mar 2015 21:04:36 GMT" time="17.404" errors="0">
  <testcase name="userId" time="8.296" classname="mike.attTest.HomePage_Test"/>
  <testcase name="getPage" time="9.108" classname="mike.attTest.HomePage_Test"/>
</testsuite> <!-- mike.attTest.HomePage_Test -->
